<?xml version="1.0" encoding="UTF-8"?>
<testng-results skipped="0" failed="0" ignored="0" total="3" passed="3">
  <reporter-output>
  </reporter-output>
  <suite name="Suite2" duration-ms="40399" started-at="2021-09-28T10:46:02 IST" finished-at="2021-09-28T10:46:43 IST">
    <groups>
    </groups>
    <test name="ChromeTest" duration-ms="12736" started-at="2021-09-28T10:46:02 IST" finished-at="2021-09-28T10:46:15 IST">
      <class name="test.test10_crossBrowserTest">
        <test-method status="PASS" signature="setup(java.lang.String)[pri:0, instance:test.test10_crossBrowserTest@221af3c0]" name="setup" is-config="true" duration-ms="2920" started-at="2021-09-28T10:46:02 IST" finished-at="2021-09-28T10:46:05 IST">
          <params>
            <param index="0">
              <value>
                <![CDATA[Chrome]]>
              </value>
            </param>
          </params>
          <reporter-output>
          </reporter-output>
        </test-method> <!-- setup -->
        <test-method status="PASS" signature="testParameterWithXML()[pri:0, instance:test.test10_crossBrowserTest@221af3c0]" name="testParameterWithXML" duration-ms="9010" started-at="2021-09-28T10:46:05 IST" finished-at="2021-09-28T10:46:14 IST">
          <reporter-output>
          </reporter-output>
        </test-method> <!-- testParameterWithXML -->
        <test-method status="PASS" signature="closeAll()[pri:0, instance:test.test10_crossBrowserTest@221af3c0]" name="closeAll" is-config="true" duration-ms="749" started-at="2021-09-28T10:46:14 IST" finished-at="2021-09-28T10:46:15 IST">
          <reporter-output>
          </reporter-output>
        </test-method> <!-- closeAll -->
      </class> <!-- test.test10_crossBrowserTest -->
    </test> <!-- ChromeTest -->
    <test name="FirefoxTest" duration-ms="15417" started-at="2021-09-28T10:46:15 IST" finished-at="2021-09-28T10:46:31 IST">
      <class name="test.test10_crossBrowserTest">
        <test-method status="PASS" signature="setup(java.lang.String)[pri:0, instance:test.test10_crossBrowserTest@1a052a00]" name="setup" is-config="true" duration-ms="6097" started-at="2021-09-28T10:46:15 IST" finished-at="2021-09-28T10:46:21 IST">
          <params>
            <param index="0">
              <value>
                <![CDATA[Firefox]]>
              </value>
            </param>
          </params>
          <reporter-output>
          </reporter-output>
        </test-method> <!-- setup -->
        <test-method status="PASS" signature="testParameterWithXML()[pri:0, instance:test.test10_crossBrowserTest@1a052a00]" name="testParameterWithXML" duration-ms="8492" started-at="2021-09-28T10:46:21 IST" finished-at="2021-09-28T10:46:30 IST">
          <reporter-output>
          </reporter-output>
        </test-method> <!-- testParameterWithXML -->
        <test-method status="FAIL" signature="closeAll()[pri:0, instance:test.test10_crossBrowserTest@1a052a00]" name="closeAll" is-config="true" duration-ms="817" started-at="2021-09-28T10:46:30 IST" finished-at="2021-09-28T10:46:31 IST">
          <exception class="org.openqa.selenium.NoSuchSessionException">
            <message>
              <![CDATA[Tried to run command without establishing a connection
Build info: version: 'unknown', revision: 'unknown', time: 'unknown'
System info: host: 'LAPTOP-B80SJ2V3', ip: '192.168.29.40', os.name: 'Windows 10', os.arch: 'amd64', os.version: '10.0', java.version: '1.8.0_291'
Driver info: org.openqa.selenium.firefox.FirefoxDriver
Capabilities {acceptInsecureCerts: true, browserName: firefox, browserVersion: 92.0.1, javascriptEnabled: true, moz:accessibilityChecks: false, moz:buildID: 20210922161155, moz:geckodriverVersion: 0.30.0, moz:headless: false, moz:processID: 19404, moz:profile: C:\Users\iJake\AppData\Loca..., moz:shutdownTimeout: 60000, moz:useNonSpecCompliantPointerOrigin: false, moz:webdriverClick: true, pageLoadStrategy: normal, platform: WINDOWS, platformName: WINDOWS, platformVersion: 10.0, proxy: Proxy(), setWindowRect: true, strictFileInteractability: false, timeouts: {implicit: 0, pageLoad: 300000, script: 30000}, unhandledPromptBehavior: dismiss and notify}
Session ID: 1d2034f5-3072-41b5-876d-c4b87925c0df]]>
            </message>
            <full-stacktrace>
              <![CDATA[org.openqa.selenium.NoSuchSessionException: Tried to run command without establishing a connection
Build info: version: 'unknown', revision: 'unknown', time: 'unknown'
System info: host: 'LAPTOP-B80SJ2V3', ip: '192.168.29.40', os.name: 'Windows 10', os.arch: 'amd64', os.version: '10.0', java.version: '1.8.0_291'
Driver info: org.openqa.selenium.firefox.FirefoxDriver
Capabilities {acceptInsecureCerts: true, browserName: firefox, browserVersion: 92.0.1, javascriptEnabled: true, moz:accessibilityChecks: false, moz:buildID: 20210922161155, moz:geckodriverVersion: 0.30.0, moz:headless: false, moz:processID: 19404, moz:profile: C:\Users\iJake\AppData\Loca..., moz:shutdownTimeout: 60000, moz:useNonSpecCompliantPointerOrigin: false, moz:webdriverClick: true, pageLoadStrategy: normal, platform: WINDOWS, platformName: WINDOWS, platformVersion: 10.0, proxy: Proxy(), setWindowRect: true, strictFileInteractability: false, timeouts: {implicit: 0, pageLoad: 300000, script: 30000}, unhandledPromptBehavior: dismiss and notify}
Session ID: 1d2034f5-3072-41b5-876d-c4b87925c0df
at sun.reflect.NativeConstructorAccessorImpl.newInstance0(Native Method)
at sun.reflect.NativeConstructorAccessorImpl.newInstance(Unknown Source)
at sun.reflect.DelegatingConstructorAccessorImpl.newInstance(Unknown Source)
at java.lang.reflect.Constructor.newInstance(Unknown Source)
at org.openqa.selenium.remote.http.W3CHttpResponseCodec.createException(W3CHttpResponseCodec.java:187)
at org.openqa.selenium.remote.http.W3CHttpResponseCodec.decode(W3CHttpResponseCodec.java:122)
at org.openqa.selenium.remote.http.W3CHttpResponseCodec.decode(W3CHttpResponseCodec.java:49)
at org.openqa.selenium.remote.HttpCommandExecutor.execute(HttpCommandExecutor.java:158)
at org.openqa.selenium.remote.service.DriverCommandExecutor.execute(DriverCommandExecutor.java:83)
at org.openqa.selenium.remote.RemoteWebDriver.execute(RemoteWebDriver.java:552)
at org.openqa.selenium.remote.RemoteWebDriver.execute(RemoteWebDriver.java:609)
at org.openqa.selenium.remote.RemoteWebDriver.quit(RemoteWebDriver.java:452)
at test.test10_crossBrowserTest.closeAll(test10_crossBrowserTest.java:73)
at sun.reflect.NativeMethodAccessorImpl.invoke0(Native Method)
at sun.reflect.NativeMethodAccessorImpl.invoke(Unknown Source)
at sun.reflect.DelegatingMethodAccessorImpl.invoke(Unknown Source)
at java.lang.reflect.Method.invoke(Unknown Source)
at org.testng.internal.MethodInvocationHelper.invokeMethod(MethodInvocationHelper.java:133)
at org.testng.internal.MethodInvocationHelper.invokeMethodConsideringTimeout(MethodInvocationHelper.java:62)
at org.testng.internal.ConfigInvoker.invokeConfigurationMethod(ConfigInvoker.java:385)
at org.testng.internal.ConfigInvoker.invokeConfigurations(ConfigInvoker.java:321)
at org.testng.TestRunner.invokeTestConfigurations(TestRunner.java:637)
at org.testng.TestRunner.afterRun(TestRunner.java:877)
at org.testng.TestRunner.run(TestRunner.java:599)
at org.testng.SuiteRunner.runTest(SuiteRunner.java:377)
at org.testng.SuiteRunner.runSequentially(SuiteRunner.java:371)
at org.testng.SuiteRunner.privateRun(SuiteRunner.java:332)
at org.testng.SuiteRunner.run(SuiteRunner.java:276)
at org.testng.SuiteRunnerWorker.runSuite(SuiteRunnerWorker.java:53)
at org.testng.SuiteRunnerWorker.run(SuiteRunnerWorker.java:96)
at org.testng.TestNG.runSuitesSequentially(TestNG.java:1212)
at org.testng.TestNG.runSuitesLocally(TestNG.java:1134)
at org.testng.TestNG.runSuites(TestNG.java:1063)
at org.testng.TestNG.run(TestNG.java:1031)
at org.testng.remote.AbstractRemoteTestNG.run(AbstractRemoteTestNG.java:115)
at org.testng.remote.RemoteTestNG.initAndRun(RemoteTestNG.java:251)
at org.testng.remote.RemoteTestNG.main(RemoteTestNG.java:77)
]]>
            </full-stacktrace>
          </exception> <!-- org.openqa.selenium.NoSuchSessionException -->
          <reporter-output>
          </reporter-output>
        </test-method> <!-- closeAll -->
      </class> <!-- test.test10_crossBrowserTest -->
    </test> <!-- FirefoxTest -->
    <test name="EdgeTest" duration-ms="12101" started-at="2021-09-28T10:46:31 IST" finished-at="2021-09-28T10:46:43 IST">
      <class name="test.test10_crossBrowserTest">
        <test-method status="PASS" signature="setup(java.lang.String)[pri:0, instance:test.test10_crossBrowserTest@1a38c59b]" name="setup" is-config="true" duration-ms="2217" started-at="2021-09-28T10:46:31 IST" finished-at="2021-09-28T10:46:33 IST">
          <params>
            <param index="0">
              <value>
                <![CDATA[Edge]]>
              </value>
            </param>
          </params>
          <reporter-output>
          </reporter-output>
        </test-method> <!-- setup -->
        <test-method status="PASS" signature="testParameterWithXML()[pri:0, instance:test.test10_crossBrowserTest@1a38c59b]" name="testParameterWithXML" duration-ms="8969" started-at="2021-09-28T10:46:33 IST" finished-at="2021-09-28T10:46:42 IST">
          <reporter-output>
          </reporter-output>
        </test-method> <!-- testParameterWithXML -->
        <test-method status="PASS" signature="closeAll()[pri:0, instance:test.test10_crossBrowserTest@1a38c59b]" name="closeAll" is-config="true" duration-ms="910" started-at="2021-09-28T10:46:42 IST" finished-at="2021-09-28T10:46:43 IST">
          <reporter-output>
          </reporter-output>
        </test-method> <!-- closeAll -->
      </class> <!-- test.test10_crossBrowserTest -->
    </test> <!-- EdgeTest -->
  </suite> <!-- Suite2 -->
</testng-results>
